{"uuid":"86d4a5a9-e7eb-4243-94c5-8eb789be801c","historyId":"87292baf62c9e30cb5a898b3400715d5","fullName":"Demo feature: demo scenrio","labels":[{"name":"host","value":"WFQH2XPSQ2"},{"name":"thread","value":"4752@WFQH2XPSQ2.main(1)"},{"name":"feature","value":"Demo feature"},{"name":"story","value":"demo scenrio"},{"name":"suite","value":"Demo feature"},{"name":"testClass","value":"demo scenrio"},{"name":"framework","value":"cucumber4jvm"},{"name":"language","value":"java"},{"name":"gherkin_uri","value":"file:///C:/Users/pkhare/git/CucumberWithTestNG/src/test/resources/Features/Regression/Demo1.feature"},{"name":"package","value":"src.test.resources.Features.Regression.Demo1_feature.Demo feature"}],"links":[],"name":"demo scenrio","status":"failed","statusDetails":{"known":false,"muted":false,"flaky":false,"message":"String in fieldName 'successful message' should be equal to 'contact added successfully'but displayed 'contact not added successfully' expected [contact added successfully] but found [contact not added successfully]","trace":"java.lang.AssertionError: String in fieldName 'successful message' should be equal to 'contact added successfully'but displayed 'contact not added successfully' expected [contact added successfully] but found [contact not added successfully]\r\n\tat org.testng.Assert.fail(Assert.java:110)\r\n\tat org.testng.Assert.failNotEquals(Assert.java:1413)\r\n\tat org.testng.Assert.assertEqualsImpl(Assert.java:149)\r\n\tat org.testng.Assert.assertEquals(Assert.java:131)\r\n\tat org.testng.Assert.assertEquals(Assert.java:655)\r\n\tat asserts.Assertions.expectedTextsAreEqual(Assertions.java:10)\r\n\tat demo.stepDefinitions.DemoStep.verifyValidationMessage(DemoStep.java:35)\r\n\tat ✽.Verify validation message(file:///C:/Users/pkhare/git/CucumberWithTestNG/src/test/resources/Features/Regression/Demo1.feature:5)\r\n"},"stage":"finished","steps":[{"name":"Given  Enter username","status":"passed","statusDetails":{"known":false,"muted":false,"flaky":false},"stage":"finished","steps":[],"attachments":[],"parameters":[],"start":1661181458579,"stop":1661181458584},{"name":"And  Enter Password","status":"passed","statusDetails":{"known":false,"muted":false,"flaky":false},"stage":"finished","steps":[],"attachments":[],"parameters":[],"start":1661181458584,"stop":1661181458585},{"name":"Then  Verify validation message","status":"failed","statusDetails":{"known":false,"muted":false,"flaky":false,"message":"String in fieldName 'successful message' should be equal to 'contact added successfully'but displayed 'contact not added successfully' expected [contact added successfully] but found [contact not added successfully]","trace":"java.lang.AssertionError: String in fieldName 'successful message' should be equal to 'contact added successfully'but displayed 'contact not added successfully' expected [contact added successfully] but found [contact not added successfully]\r\n\tat org.testng.Assert.fail(Assert.java:110)\r\n\tat org.testng.Assert.failNotEquals(Assert.java:1413)\r\n\tat org.testng.Assert.assertEqualsImpl(Assert.java:149)\r\n\tat org.testng.Assert.assertEquals(Assert.java:131)\r\n\tat org.testng.Assert.assertEquals(Assert.java:655)\r\n\tat asserts.Assertions.expectedTextsAreEqual(Assertions.java:10)\r\n\tat demo.stepDefinitions.DemoStep.verifyValidationMessage(DemoStep.java:35)\r\n\tat ✽.Verify validation message(file:///C:/Users/pkhare/git/CucumberWithTestNG/src/test/resources/Features/Regression/Demo1.feature:5)\r\n"},"stage":"finished","steps":[],"attachments":[],"parameters":[],"start":1661181458586,"stop":1661181458604}],"attachments":[],"parameters":[],"start":1661181458571,"stop":1661181458609}